Arguments: 
  /usr/local/bin/node /Users/r/.yarn/bin/yarn.js install

PATH: 
  /Users/r/miniconda3/bin:/Users/r/Library/Android/sdk/platform-tools:/Users/r/.yarn/bin:/Users/r/.config/yarn/global/node_modules/.bin:/Users/r/Downloads/mongodb-macos-x86_64-4.4.1/bin:/usr/local/bin:/usr/bin:/bin:/usr/sbin:/sbin:/Library/Apple/usr/bin:/Users/r/.yarn/bin:/Users/r/.config/yarn/global/node_modules/.bin:/Users/r/Downloads/mongodb-macos-x86_64-4.4.1/bin:/Users/r/Library/Android/sdk/emulator:/Users/r/Library/Android/sdk/tools:/Users/r/Library/Android/sdk/platform-tools

Yarn version: 
  1.22.5

Node version: 
  12.19.0

Platform: 
  darwin x64

Trace: 
  SyntaxError: /Users/r/JS/Expo/LearnMandarinReactNativeExpo/package.json: Unexpected token } in JSON at position 380
      at JSON.parse (<anonymous>)
      at /Users/r/.yarn/lib/cli.js:1625:59
      at Generator.next (<anonymous>)
      at step (/Users/r/.yarn/lib/cli.js:310:30)
      at /Users/r/.yarn/lib/cli.js:321:13

npm manifest: 
  {
    "main": "node_modules/expo/AppEntry.js",
    "scripts": {
      "start": "expo start",
      "android": "expo start --android",
      "ios": "expo start --ios",
      "eject": "expo eject"
    },
    "dependencies": {
      "@types/expo": "^34.0.0",
      "expo": "^34.0.0",
      "expo-constants": "~6.0.0",
      "lodash": "^4.17.15",
      "react": "16.8.3",
      "react-dynamic-font": "^2.0.1",
    },
    "devDependencies": {
      "babel-preset-expo": "^6.0.0"
    },
    "private": true
  }

yarn manifest: 
  No manifest

Lockfile: 
  No lockfile
